# = Caracter
include = Identificador
< = OperadorRelacional
stdio = Identificador
. = Caracter
h = Identificador
> = OperadorRelacional
# = Caracter
include = Identificador
< = OperadorRelacional
math = Identificador
. = Caracter
h = Identificador
> = OperadorRelacional
char = tipoDatos
a = Identificador
; = FinSentencia
int = tipoDatos
a = Identificador
, = Caracter
b = Identificador
, = Caracter
c = Identificador
, = Caracter
d = Identificador
, = Caracter
radio = Identificador
; = FinSentencia
float = tipoDatos
x = Identificador
, = Caracter
y = Identificador
, = Caracter
z = Identificador
; = FinSentencia
char = tipoDatos
w = Identificador
; = FinSentencia
void = Identificador
main = Identificador
( = Caracter
) = Caracter
{ = Inicio
printf = Identificador
( = Caracter
"\nHola mundo" = Cadena
) = Caracter
; = FinSentencia
printf = Identificador
( = Caracter
"\n============" = Cadena
) = Caracter
; = FinSentencia
printf = Identificador
( = Caracter
"\nRadio = %i" = Cadena
, = Caracter
radio = Identificador
) = Caracter
; = FinSentencia
scanf = Identificador
( = Caracter
"%i" = Cadena
, = Caracter
& = Caracter
radio = Identificador
) = Caracter
; = FinSentencia
radio = Identificador
= = Asignacion
( = Caracter
3 = Numero
+ = OperadorTermino
5 = Numero
) = Caracter
* = OperadorFactor
8 = Numero
- = OperadorTermino
( = Caracter
10 = Numero
- = OperadorTermino
4 = Numero
) = Caracter
/ = OperadorFactor
2 = Numero
; = FinSentencia
a = Identificador
++ = IncrementoTermino
Error Sintaxis: Se espera un ;
